<?xml version="1.0" encoding="UTF-8"?>
<!-- Generated by org.testng.reporters.JUnitXMLReporter -->
<testsuite ignored="0" hostname="MSI" failures="0" tests="2" name="Test-1" time="18.391" errors="0" timestamp="2025-08-18T23:01:31 IST">
  <testcase classname="aug18.Lab3Test" name="lab3" time="8.278"/>
  <testcase classname="aug18.Lab4Test" name="lab4" time="5.575"/>
</testsuite> <!-- Test-1 -->
