<?xml version="1.0" encoding="UTF-8"?>
<!-- Generated by org.testng.reporters.JUnitReportReporter -->
<testsuite hostname="MSI" failures="0" tests="1" name="aug26Questions.Q6" time="16.835" errors="0" timestamp="2025-08-27T11:06:47 IST" skipped="0">
  <testcase classname="aug26Questions.Q6" name="f" time="16.835"/>
</testsuite> <!-- aug26Questions.Q6 -->
