<?xml version="1.0" encoding="UTF-8"?>
<!-- Generated by org.testng.reporters.JUnitReportReporter -->
<testsuite hostname="MSI" failures="0" tests="1" name="aug26Questions.Q7" time="9.268" errors="0" timestamp="2025-08-27T12:43:38 IST" skipped="0">
  <testcase classname="aug26Questions.Q7" name="f" time="9.268"/>
</testsuite> <!-- aug26Questions.Q7 -->
