<?xml version="1.0" encoding="UTF-8"?>
<!-- Generated by org.testng.reporters.JUnitReportReporter -->
<testsuite hostname="MSI" failures="0" tests="2" name="aug19.Lab3Test" time="30.383" errors="0" timestamp="2025-08-19T14:42:09 IST" skipped="0">
  <testcase classname="aug19.Lab3Test" name="lab3" time="14.993"/>
  <testcase classname="aug19.Lab3Test" name="lab3" time="15.390"/>
</testsuite> <!-- aug19.Lab3Test -->
