<?xml version="1.0" encoding="UTF-8"?>
<!-- Generated by org.testng.reporters.JUnitReportReporter -->
<testsuite hostname="MSI" failures="0" tests="1" name="aug26Questions.Q5" time="14.476" errors="0" timestamp="2025-08-26T15:27:55 IST" skipped="0">
  <testcase classname="aug26Questions.Q5" name="f" time="14.476"/>
</testsuite> <!-- aug26Questions.Q5 -->
