<?xml version="1.0" encoding="UTF-8"?>
<!-- Generated by org.testng.reporters.JUnitReportReporter -->
<testsuite hostname="MSI" failures="0" tests="2" name="aug22.Lab13" time="19.319" errors="0" timestamp="2025-08-22T18:04:38 IST" skipped="0">
  <testcase classname="aug22.Lab13" name="Test" time="8.748"/>
  <testcase classname="aug22.Lab13" name="Test" time="10.571"/>
</testsuite> <!-- aug22.Lab13 -->
