<?xml version="1.0" encoding="UTF-8"?>
<!-- Generated by org.testng.reporters.JUnitReportReporter -->
<testsuite hostname="MSI" failures="0" tests="1" name="aug26Questions.Q8" time="11.551" errors="0" timestamp="2025-08-27T19:11:52 IST" skipped="0">
  <testcase classname="aug26Questions.Q8" name="f" time="11.551"/>
</testsuite> <!-- aug26Questions.Q8 -->
