<?xml version="1.0" encoding="UTF-8"?>
<!-- Generated by org.testng.reporters.JUnitReportReporter -->
<testsuite hostname="MSI" failures="0" tests="1" name="aug26Questions.Q9" time="6.931" errors="0" timestamp="2025-08-27T19:38:36 IST" skipped="0">
  <testcase classname="aug26Questions.Q9" name="f" time="6.931"/>
</testsuite> <!-- aug26Questions.Q9 -->
