<?xml version="1.0" encoding="UTF-8"?>
<!-- Generated by org.testng.reporters.JUnitReportReporter -->
<testsuite hostname="MSI" failures="0" tests="2" name="aug18.TC012_TestNG" time="73.849" errors="0" timestamp="2025-08-18T14:39:35 IST" skipped="0">
  <testcase classname="aug18.TC012_TestNG" name="f" time="36.675"/>
  <testcase classname="aug18.TC012_TestNG" name="f" time="37.174"/>
</testsuite> <!-- aug18.TC012_TestNG -->
