<?xml version="1.0" encoding="UTF-8"?>
<!-- Generated by org.testng.reporters.JUnitReportReporter -->
<testsuite hostname="MSI" failures="0" tests="1" name="aug26Questions.Q4" time="4.706" errors="0" timestamp="2025-08-26T15:10:52 IST" skipped="0">
  <testcase classname="aug26Questions.Q4" name="f" time="4.706"/>
</testsuite> <!-- aug26Questions.Q4 -->
