<?xml version="1.0" encoding="UTF-8"?>
<!-- Generated by org.testng.reporters.JUnitReportReporter -->
<testsuite hostname="MSI" failures="0" tests="1" name="aug21.lab12.Lab12" time="8.338" errors="0" timestamp="2025-08-23T08:16:19 IST" skipped="0">
  <testcase classname="aug21.lab12.Lab12" name="f" time="8.338"/>
</testsuite> <!-- aug21.lab12.Lab12 -->
