<?xml version="1.0" encoding="UTF-8"?>
<!-- Generated by org.testng.reporters.JUnitReportReporter -->
<testsuite hostname="MSI" failures="0" tests="3" name="aug20.TC012" time="37.037" errors="0" timestamp="2025-08-20T14:56:45 IST" skipped="0">
  <testcase classname="aug20.TC012" name="f" time="20.479"/>
  <testcase classname="aug20.TC012" name="f" time="8.342"/>
  <testcase classname="aug20.TC012" name="f" time="8.216"/>
</testsuite> <!-- aug20.TC012 -->
