<?xml version="1.0" encoding="UTF-8"?>
<!-- Generated by org.testng.reporters.JUnitReportReporter -->
<testsuite hostname="MSI" failures="0" tests="1" name="aug20.lab11.Lab11_Lab4" time="11.121" errors="0" timestamp="2025-08-22T08:57:40 IST" skipped="0">
  <testcase classname="aug20.lab11.Lab11_Lab4" name="lab4Flow" time="11.121"/>
</testsuite> <!-- aug20.lab11.Lab11_Lab4 -->
