<?xml version="1.0" encoding="UTF-8"?>
<!-- Generated by org.testng.reporters.JUnitReportReporter -->
<testsuite hostname="MSI" failures="0" tests="5" name="aug21.prog14.LAB014" time="26.637" errors="0" timestamp="2025-08-21T20:29:48 IST" skipped="0">
  <testcase classname="aug21.prog14.LAB014" name="Test" time="5.722"/>
  <testcase classname="aug21.prog14.LAB014" name="Test" time="4.756"/>
  <testcase classname="aug21.prog14.LAB014" name="Test" time="6.397"/>
  <testcase classname="aug21.prog14.LAB014" name="Test" time="4.700"/>
  <testcase classname="aug21.prog14.LAB014" name="Test" time="5.062"/>
</testsuite> <!-- aug21.prog14.LAB014 -->
