<?xml version="1.0" encoding="UTF-8"?>
<!-- Generated by org.testng.reporters.JUnitReportReporter -->
<testsuite hostname="MSI" failures="0" tests="1" name="aug18.Lab3Test" time="11.416" errors="0" timestamp="2025-08-18T23:01:31 IST" skipped="0">
  <testcase classname="aug18.Lab3Test" name="lab3" time="11.416"/>
</testsuite> <!-- aug18.Lab3Test -->
