<?xml version="1.0" encoding="UTF-8"?>
<!-- Generated by org.testng.reporters.JUnitReportReporter -->
<testsuite hostname="MSI" failures="0" tests="1" name="aug18.Lab4Test" time="6.884" errors="0" timestamp="2025-08-18T23:01:31 IST" skipped="0">
  <testcase classname="aug18.Lab4Test" name="lab4" time="6.884"/>
</testsuite> <!-- aug18.Lab4Test -->
