<?xml version="1.0" encoding="UTF-8"?>
<!-- Generated by org.testng.reporters.JUnitReportReporter -->
<testsuite hostname="MSI" failures="0" tests="2" name="aug20.TC012_TestNG" time="21.416" errors="0" timestamp="2025-08-20T09:36:38 IST" skipped="0">
  <testcase classname="aug20.TC012_TestNG" name="f" time="8.353"/>
  <testcase classname="aug20.TC012_TestNG" name="f" time="13.063"/>
</testsuite> <!-- aug20.TC012_TestNG -->
