<?xml version="1.0" encoding="UTF-8"?>
<!-- Generated by org.testng.reporters.JUnitReportReporter -->
<testsuite hostname="MSI" failures="0" tests="1" name="aug26Questions.Q2" time="9.784" errors="0" timestamp="2025-08-26T11:36:48 IST" skipped="0">
  <testcase classname="aug26Questions.Q2" name="f" time="9.784"/>
</testsuite> <!-- aug26Questions.Q2 -->
