<?xml version="1.0" encoding="UTF-8"?>
<!-- Generated by org.testng.reporters.JUnitReportReporter -->
<testsuite hostname="MSI" failures="0" tests="2" name="aug19.TC014" time="57.368" errors="0" timestamp="2025-08-19T10:01:57 IST" skipped="0">
  <testcase classname="aug19.TC014" name="test2" time="28.299"/>
  <testcase classname="aug19.TC014" name="test2" time="29.069"/>
</testsuite> <!-- aug19.TC014 -->
