<?xml version="1.0" encoding="UTF-8"?>
<!-- Generated by org.testng.reporters.JUnitReportReporter -->
<testsuite hostname="MSI" failures="0" tests="2" name="aug19.Lab4Test" time="17.103" errors="0" timestamp="2025-08-19T14:42:09 IST" skipped="0">
  <testcase classname="aug19.Lab4Test" name="lab4" time="8.849"/>
  <testcase classname="aug19.Lab4Test" name="lab4" time="8.254"/>
</testsuite> <!-- aug19.Lab4Test -->
