<?xml version="1.0" encoding="UTF-8"?>
<!-- Generated by org.testng.reporters.JUnitReportReporter -->
<testsuite hostname="MSI" failures="0" tests="3" name="aug22.Lab16" time="20.707" errors="0" timestamp="2025-08-23T21:38:33 IST" skipped="0">
  <testcase classname="aug22.Lab16" name="f" time="5.680"/>
  <testcase classname="aug22.Lab16" name="f" time="5.329"/>
  <testcase classname="aug22.Lab16" name="f" time="9.698"/>
</testsuite> <!-- aug22.Lab16 -->
