<?xml version="1.0" encoding="UTF-8"?>
<!-- Generated by org.testng.reporters.JUnitReportReporter -->
<testsuite hostname="MSI" failures="0" tests="1" name="aug26Questions.Q3" time="19.708" errors="0" timestamp="2025-08-26T14:59:01 IST" skipped="0">
  <testcase classname="aug26Questions.Q3" name="f" time="19.708"/>
</testsuite> <!-- aug26Questions.Q3 -->
