<?xml version="1.0" encoding="UTF-8"?>
<!-- Generated by org.testng.reporters.JUnitReportReporter -->
<testsuite hostname="MSI" failures="0" tests="1" name="aug26Questions.Q1" time="5.169" errors="0" timestamp="2025-08-26T10:25:46 IST" skipped="0">
  <testcase classname="aug26Questions.Q1" name="f" time="5.169"/>
</testsuite> <!-- aug26Questions.Q1 -->
