<?xml version="1.0" encoding="UTF-8"?>
<!-- Generated by org.testng.reporters.JUnitReportReporter -->
<testsuite hostname="MSI" failures="0" tests="1" name="aug20.lab11.Lab11_Lab3" time="9.290" errors="0" timestamp="2025-08-22T08:52:21 IST" skipped="0">
  <testcase classname="aug20.lab11.Lab11_Lab3" name="lab3Flow" time="9.290"/>
</testsuite> <!-- aug20.lab11.Lab11_Lab3 -->
