<?xml version="1.0" encoding="UTF-8"?>
<!-- Generated by org.testng.reporters.JUnitReportReporter -->
<testsuite hostname="MSI" failures="0" tests="2" name="aug19.Lab4Test" time="21.869" errors="0" timestamp="2025-08-26T16:46:02 IST" skipped="0">
  <testcase classname="aug19.Lab4Test" name="lab4" time="10.460"/>
  <testcase classname="aug19.Lab4Test" name="lab4" time="11.409"/>
</testsuite> <!-- aug19.Lab4Test -->
